<?xml version="1.0" encoding="UTF-8"?>
<!-- Generated by org.testng.reporters.JUnitReportReporter -->
<testsuite hostname="UmaLaptop" failures="0" tests="1" name="com.pro.tests.Test1" time="4.027" errors="0" timestamp="2024-12-05T16:15:18 EST" skipped="0">
  <testcase classname="com.pro.tests.Test1" name="test1" time="4.027"/>
  <system-out/>
</testsuite> <!-- com.pro.tests.Test1 -->
