<?xml version="1.0" encoding="UTF-8"?>
<!-- Generated by org.testng.reporters.JUnitReportReporter -->
<testsuite hostname="UmaLaptop" failures="0" tests="2" name="bnkproject.bnktesting" time="0.024" errors="0" timestamp="2024-12-05T16:15:18 EST" skipped="0">
  <testcase classname="bnkproject.bnktesting" name="test1" time="0.022"/>
  <system-out/>
  <testcase classname="bnkproject.bnktesting" name="test2" time="0.002"/>
  <system-out/>
</testsuite> <!-- bnkproject.bnktesting -->
