<?xml version="1.0" encoding="UTF-8"?>
<!-- Generated by org.testng.reporters.JUnitReportReporter -->
<testsuite hostname="UmaLaptop" failures="0" tests="2" name="bnkproject.bnktesting" time="0.012" errors="0" timestamp="2024-12-05T16:58:47 EST" skipped="0">
  <testcase classname="bnkproject.bnktesting" name="test1" time="0.012"/>
  <testcase classname="bnkproject.bnktesting" name="test2" time="0.000"/>
</testsuite> <!-- bnkproject.bnktesting -->
