<?xml version="1.0" encoding="UTF-8"?>
<!-- Generated by org.testng.reporters.JUnitReportReporter -->
<testsuite hostname="UmaLaptop" failures="0" tests="2" name="bnkproject.bnktesting" time="0.017" errors="0" timestamp="2024-12-05T17:50:50 EST" skipped="0">
  <testcase classname="bnkproject.bnktesting" name="test1" time="0.016"/>
  <testcase classname="bnkproject.bnktesting" name="test2" time="0.001"/>
</testsuite> <!-- bnkproject.bnktesting -->
